<?xml version="1.0" encoding="UTF-8"?>
<!-- Generated by org.testng.reporters.JUnitReportReporter -->
<testsuite hostname="DESKTOP-B5EELSP" failures="0" tests="2" name="test.Testt_testNGDemo2" time="5.730" errors="0" timestamp="2019-10-07T15:27:16 PKT" skipped="0">
  <testcase classname="test.Testt_testNGDemo2" name="Gsearch3" time="1.819"/>
  <testcase classname="test.Testt_testNGDemo2" name="Gsearch2" time="3.911"/>
</testsuite> <!-- test.Testt_testNGDemo2 -->
