<?xml version="1.0" encoding="UTF-8"?>
<!-- Generated by org.testng.reporters.JUnitReportReporter -->
<testsuite hostname="DESKTOP-B5EELSP" failures="0" tests="1" name="test.Testt_testNGDemo" time="3.655" errors="0" timestamp="2019-10-07T15:27:16 PKT" skipped="0">
  <testcase classname="test.Testt_testNGDemo" name="Gsearch" time="3.655"/>
</testsuite> <!-- test.Testt_testNGDemo -->
